<?xml version="1.0" encoding="UTF-8"?>
<Site BuildName="Darwin-clang++"
	BuildStamp="20240605-2013-Experimental"
	Name="OstiumdeMacBook-Air.local"
	Generator="ctest-3.29.2"
	CompilerName="/usr/bin/clang++"
	CompilerVersion="15.0.0.15000309"
	OSName="macOS"
	Hostname="OstiumdeMacBook-Air.local"
	OSRelease="14.4"
	OSVersion="23E214"
	OSPlatform="arm64"
	Is64Bits="1"
	VendorString="IBM"
	VendorID="IBM"
	FamilyID="16777228"
	ModelID="2"
	ProcessorCacheSize="131072"
	NumberOfLogicalCPU="8"
	NumberOfPhysicalCPU="8"
	TotalVirtualMemory="2048"
	TotalPhysicalMemory="8192"
	LogicalProcessorsPerPhysical="8"
	ProcessorClockFrequency="0"
	>
	<Testing>
		<StartDateTime>Jun 05 14:22 PDT</StartDateTime>
		<StartTestTime>1717622536</StartTestTime>
		<TestList/>
		<EndDateTime>Jun 05 14:22 PDT</EndDateTime>
		<EndTestTime>1717622536</EndTestTime>
		<ElapsedMinutes>0</ElapsedMinutes>
	</Testing>
</Site>
